[INFO] Scanning for projects...
[INFO] 
[INFO] -------------------------< com.GoDo:todo-bff >--------------------------
[INFO] Building todo-bff 0.0.1-SNAPSHOT
[INFO]   from pom.xml
[INFO] --------------------------------[ jar ]---------------------------------
[INFO] 
[INFO] >>> spring-boot:3.4.10-SNAPSHOT:run (default-cli) > test-compile @ todo-bff >>>
[INFO] 
[INFO] --- resources:3.3.1:resources (default-resources) @ todo-bff ---
[INFO] Copying 1 resource from src/main/resources to target/classes
[INFO] Copying 0 resource from src/main/resources to target/classes
[INFO] 
[INFO] --- compiler:3.13.0:compile (default-compile) @ todo-bff ---
[INFO] Recompiling the module because of added or removed source files.
[INFO] Compiling 5 source files with javac [debug parameters release 17] to target/classes
[INFO] 
[INFO] --- resources:3.3.1:testResources (default-testResources) @ todo-bff ---
[INFO] skip non existing resourceDirectory /home/gulcan/Proje/todo-bff/src/test/resources
[INFO] 
[INFO] --- compiler:3.13.0:testCompile (default-testCompile) @ todo-bff ---
[INFO] Recompiling the module because of changed dependency.
[INFO] Compiling 3 source files with javac [debug parameters release 17] to target/test-classes
[WARNING] /home/gulcan/Proje/todo-bff/src/test/java/com/GoDo/todo_bff/controller/TodoBffControllerTest.java:[19,6] org.springframework.boot.test.mock.mockito.MockBean in org.springframework.boot.test.mock.mockito has been deprecated and marked for removal
[WARNING] /home/gulcan/Proje/todo-bff/src/test/java/com/GoDo/todo_bff/controller/TodoBffControllerTest.java:[19,6] org.springframework.boot.test.mock.mockito.MockBean in org.springframework.boot.test.mock.mockito has been deprecated and marked for removal
[WARNING] /home/gulcan/Proje/todo-bff/src/test/java/com/GoDo/todo_bff/controller/TodoBffControllerTest.java:[19,6] org.springframework.boot.test.mock.mockito.MockBean in org.springframework.boot.test.mock.mockito has been deprecated and marked for removal
[WARNING] /home/gulcan/Proje/todo-bff/src/test/java/com/GoDo/todo_bff/controller/TodoBffControllerTest.java:[19,6] org.springframework.boot.test.mock.mockito.MockBean in org.springframework.boot.test.mock.mockito has been deprecated and marked for removal
[WARNING] /home/gulcan/Proje/todo-bff/src/test/java/com/GoDo/todo_bff/controller/TodoBffControllerTest.java:[19,6] org.springframework.boot.test.mock.mockito.MockBean in org.springframework.boot.test.mock.mockito has been deprecated and marked for removal
[INFO] 
[INFO] <<< spring-boot:3.4.10-SNAPSHOT:run (default-cli) < test-compile @ todo-bff <<<
[INFO] 
[INFO] 
[INFO] --- spring-boot:3.4.10-SNAPSHOT:run (default-cli) @ todo-bff ---
[INFO] Attaching agents: []

  .   ____          _            __ _ _
 /\\ / ___'_ __ _ _(_)_ __  __ _ \ \ \ \
( ( )\___ | '_ | '_| | '_ \/ _` | \ \ \ \
 \\/  ___)| |_)| | | | | || (_| |  ) ) ) )
  '  |____| .__|_| |_|_| |_\__, | / / / /
 =========|_|==============|___/=/_/_/_/

 :: Spring Boot ::      (v3.4.10-SNAPSHOT)

2025-09-01T00:23:54.961+03:00  INFO 23588 --- [todo-bff] [           main] com.GoDo.todo_bff.TodoBffApplication     : Starting TodoBffApplication using Java 17.0.15 with PID 23588 (/home/gulcan/Proje/todo-bff/target/classes started by gulcan in /home/gulcan/Proje/todo-bff)
2025-09-01T00:23:54.967+03:00  INFO 23588 --- [todo-bff] [           main] com.GoDo.todo_bff.TodoBffApplication     : No active profile set, falling back to 1 default profile: "default"
2025-09-01T00:23:57.174+03:00  INFO 23588 --- [todo-bff] [           main] o.s.cloud.context.scope.GenericScope     : BeanFactory id=1e034cbd-b2f2-36f1-bc95-b41d89ce9c05
2025-09-01T00:23:58.080+03:00  INFO 23588 --- [todo-bff] [           main] o.s.b.w.embedded.tomcat.TomcatWebServer  : Tomcat initialized with port 8080 (http)
2025-09-01T00:23:58.154+03:00  INFO 23588 --- [todo-bff] [           main] o.apache.catalina.core.StandardService   : Starting service [Tomcat]
2025-09-01T00:23:58.156+03:00  INFO 23588 --- [todo-bff] [           main] o.apache.catalina.core.StandardEngine    : Starting Servlet engine: [Apache Tomcat/10.1.44]
2025-09-01T00:23:58.289+03:00  INFO 23588 --- [todo-bff] [           main] o.a.c.c.C.[Tomcat].[localhost].[/]       : Initializing Spring embedded WebApplicationContext
2025-09-01T00:23:58.295+03:00  INFO 23588 --- [todo-bff] [           main] w.s.c.ServletWebServerApplicationContext : Root WebApplicationContext: initialization completed in 3209 ms
2025-09-01T00:23:59.569+03:00  WARN 23588 --- [todo-bff] [           main] .s.s.UserDetailsServiceAutoConfiguration : 

Using generated security password: 5927c523-2250-4533-9052-f523f26097fe

This generated password is for development use only. Your security configuration must be updated before running your application in production.

2025-09-01T00:23:59.634+03:00  INFO 23588 --- [todo-bff] [           main] r$InitializeUserDetailsManagerConfigurer : Global AuthenticationManager configured with UserDetailsService bean with name inMemoryUserDetailsManager
2025-09-01T00:24:00.224+03:00  INFO 23588 --- [todo-bff] [           main] o.s.b.w.embedded.tomcat.TomcatWebServer  : Tomcat started on port 8080 (http) with context path '/'
2025-09-01T00:24:00.253+03:00  INFO 23588 --- [todo-bff] [           main] com.GoDo.todo_bff.TodoBffApplication     : Started TodoBffApplication in 6.817 seconds (process running for 8.096)
2025-09-01T00:24:21.636+03:00  INFO 23588 --- [todo-bff] [ionShutdownHook] o.s.b.w.e.tomcat.GracefulShutdown        : Commencing graceful shutdown. Waiting for active requests to complete
2025-09-01T00:24:22.144+03:00  INFO 23588 --- [todo-bff] [tomcat-shutdown] o.s.b.w.e.tomcat.GracefulShutdown        : Graceful shutdown complete
[INFO] ------------------------------------------------------------------------
[INFO] BUILD SUCCESS
[INFO] ------------------------------------------------------------------------
[INFO] Total time:  43.252 s
[INFO] Finished at: 2025-09-01T00:24:22+03:00
[INFO] ------------------------------------------------------------------------
